0 info it worked if it ends with ok
1 verbose cli [ '/usr/bin/nodejs', '/usr/bin/npm', 'install', '-g', 'gulp' ]
2 info using npm@1.3.10
3 info using node@v0.10.25
4 verbose cache add [ 'gulp', null ]
5 verbose cache add name=undefined spec="gulp" args=["gulp",null]
6 verbose parsed url { protocol: null,
6 verbose parsed url   slashes: null,
6 verbose parsed url   auth: null,
6 verbose parsed url   host: null,
6 verbose parsed url   port: null,
6 verbose parsed url   hostname: null,
6 verbose parsed url   hash: null,
6 verbose parsed url   search: null,
6 verbose parsed url   query: null,
6 verbose parsed url   pathname: 'gulp',
6 verbose parsed url   path: 'gulp',
6 verbose parsed url   href: 'gulp' }
7 silly lockFile 9750c68d-gulp gulp
8 verbose lock gulp /home/ferenan/.npm/9750c68d-gulp.lock
9 silly lockFile 9750c68d-gulp gulp
10 silly lockFile 9750c68d-gulp gulp
11 verbose addNamed [ 'gulp', '' ]
12 verbose addNamed [ null, '*' ]
13 silly lockFile 72f4391e-gulp gulp@
14 verbose lock gulp@ /home/ferenan/.npm/72f4391e-gulp.lock
15 silly addNameRange { name: 'gulp', range: '*', hasData: false }
16 verbose url raw gulp
17 verbose url resolving [ 'https://registry.npmjs.org/', './gulp' ]
18 verbose url resolved https://registry.npmjs.org/gulp
19 info trying registry request attempt 1 at 15:50:36
20 http GET https://registry.npmjs.org/gulp
21 http 200 https://registry.npmjs.org/gulp
22 silly registry.get cb [ 200,
22 silly registry.get   { date: 'Mon, 23 Mar 2015 15:50:41 GMT',
22 silly registry.get     server: 'CouchDB/1.5.0 (Erlang OTP/R16B03)',
22 silly registry.get     etag: '"7LDGHTM513D1EJ2072FCYEHH7"',
22 silly registry.get     'content-type': 'application/json',
22 silly registry.get     'cache-control': 'max-age=60',
22 silly registry.get     'content-length': '100210',
22 silly registry.get     'accept-ranges': 'bytes',
22 silly registry.get     via: '1.1 varnish',
22 silly registry.get     age: '57',
22 silly registry.get     'x-served-by': 'cache-ams4121-AMS',
22 silly registry.get     'x-cache': 'HIT',
22 silly registry.get     'x-cache-hits': '1',
22 silly registry.get     'x-timer': 'S1427125841.549640,VS0,VE0',
22 silly registry.get     vary: 'Accept',
22 silly registry.get     'keep-alive': 'timeout=10, max=50',
22 silly registry.get     connection: 'Keep-Alive' } ]
23 silly addNameRange number 2 { name: 'gulp', range: '*', hasData: true }
24 silly addNameRange versions [ 'gulp',
24 silly addNameRange   [ '0.0.1',
24 silly addNameRange     '0.0.2',
24 silly addNameRange     '0.0.3',
24 silly addNameRange     '0.0.4',
24 silly addNameRange     '0.0.5',
24 silly addNameRange     '0.0.7',
24 silly addNameRange     '0.0.8',
24 silly addNameRange     '0.0.9',
24 silly addNameRange     '0.1.0',
24 silly addNameRange     '0.2.0',
24 silly addNameRange     '1.0.0',
24 silly addNameRange     '1.1.0',
24 silly addNameRange     '1.2.0',
24 silly addNameRange     '1.2.1',
24 silly addNameRange     '2.0.0',
24 silly addNameRange     '2.0.1',
24 silly addNameRange     '2.1.0',
24 silly addNameRange     '2.2.0',
24 silly addNameRange     '2.3.0',
24 silly addNameRange     '2.4.0',
24 silly addNameRange     '2.4.1',
24 silly addNameRange     '2.6.0',
24 silly addNameRange     '2.6.1',
24 silly addNameRange     '2.7.0',
24 silly addNameRange     '3.0.0',
24 silly addNameRange     '3.1.1',
24 silly addNameRange     '3.1.2',
24 silly addNameRange     '3.1.3',
24 silly addNameRange     '3.1.4',
24 silly addNameRange     '3.2.0',
24 silly addNameRange     '3.2.1',
24 silly addNameRange     '3.2.2',
24 silly addNameRange     '3.2.3',
24 silly addNameRange     '3.2.4',
24 silly addNameRange     '3.2.5',
24 silly addNameRange     '3.3.0',
24 silly addNameRange     '3.3.1',
24 silly addNameRange     '3.3.2',
24 silly addNameRange     '3.3.4',
24 silly addNameRange     '3.4.0',
24 silly addNameRange     '3.5.0',
24 silly addNameRange     '3.5.1',
24 silly addNameRange     '3.5.2',
24 silly addNameRange     '3.5.5',
24 silly addNameRange     '3.5.6',
24 silly addNameRange     '3.6.0',
24 silly addNameRange     '3.6.1',
24 silly addNameRange     '3.6.2',
24 silly addNameRange     '3.7.0',
24 silly addNameRange     '3.8.0',
24 silly addNameRange     '3.8.1',
24 silly addNameRange     '3.8.2',
24 silly addNameRange     '3.8.3',
24 silly addNameRange     '3.8.4',
24 silly addNameRange     '3.8.5',
24 silly addNameRange     '3.8.6',
24 silly addNameRange     '3.8.7',
24 silly addNameRange     '3.8.8',
24 silly addNameRange     '3.8.9',
24 silly addNameRange     '3.8.10',
24 silly addNameRange     '3.8.11' ] ]
25 verbose addNamed [ 'gulp', '3.8.11' ]
26 verbose addNamed [ '3.8.11', '3.8.11' ]
27 silly lockFile 3d31ec08-gulp-3-8-11 gulp@3.8.11
28 verbose lock gulp@3.8.11 /home/ferenan/.npm/3d31ec08-gulp-3-8-11.lock
29 silly lockFile 2528ddbe-y-npmjs-org-gulp-gulp-3-8-11-tgz https://registry.npmjs.org/gulp/-/gulp-3.8.11.tgz
30 verbose lock https://registry.npmjs.org/gulp/-/gulp-3.8.11.tgz /home/ferenan/.npm/2528ddbe-y-npmjs-org-gulp-gulp-3-8-11-tgz.lock
31 verbose addRemoteTarball [ 'https://registry.npmjs.org/gulp/-/gulp-3.8.11.tgz',
31 verbose addRemoteTarball   'd557e0a7283eb4136491969b0497767972f1d28a' ]
32 silly lockFile 2528ddbe-y-npmjs-org-gulp-gulp-3-8-11-tgz https://registry.npmjs.org/gulp/-/gulp-3.8.11.tgz
33 silly lockFile 2528ddbe-y-npmjs-org-gulp-gulp-3-8-11-tgz https://registry.npmjs.org/gulp/-/gulp-3.8.11.tgz
34 silly lockFile 3d31ec08-gulp-3-8-11 gulp@3.8.11
35 silly lockFile 3d31ec08-gulp-3-8-11 gulp@3.8.11
36 silly lockFile 72f4391e-gulp gulp@
37 silly lockFile 72f4391e-gulp gulp@
38 error Error: EACCES, mkdir '/home/ferenan/tmp/npm-20463--LMT6F4f'
38 error  { [Error: EACCES, mkdir '/home/ferenan/tmp/npm-20463--LMT6F4f']
38 error   errno: 3,
38 error   code: 'EACCES',
38 error   path: '/home/ferenan/tmp/npm-20463--LMT6F4f' }
39 error Please try running this command again as root/Administrator.
40 error System Linux 3.16.0-31-generic
41 error command "/usr/bin/nodejs" "/usr/bin/npm" "install" "-g" "gulp"
42 error cwd /home/ferenan/code/my-app
43 error node -v v0.10.25
44 error npm -v 1.3.10
45 error path /home/ferenan/tmp/npm-20463--LMT6F4f
46 error code EACCES
47 error errno 3
48 error stack Error: EACCES, mkdir '/home/ferenan/tmp/npm-20463--LMT6F4f'
49 verbose exit [ 3, true ]
